<?xml version="1.0" encoding="UTF-8"?>
<testng-results skipped="0" failed="0" ignored="0" total="1" passed="1">
  <reporter-output>
  </reporter-output>
  <suite name="Default suite" duration-ms="7032" started-at="2019-10-12T19:29:21Z" finished-at="2019-10-12T19:29:28Z">
    <groups>
    </groups>
    <test name="Default test" duration-ms="7032" started-at="2019-10-12T19:29:21Z" finished-at="2019-10-12T19:29:28Z">
      <class name="com.selenium.project.com.test.selenium.gmailLogin">
        <test-method status="PASS" signature="Gmail_Login()[pri:0, instance:com.selenium.project.com.test.selenium.gmailLogin@59f99ea]" name="Gmail_Login" duration-ms="6991" started-at="2019-10-12T19:29:21Z" finished-at="2019-10-12T19:29:28Z">
          <reporter-output>
          </reporter-output>
        </test-method> <!-- Gmail_Login -->
      </class> <!-- com.selenium.project.com.test.selenium.gmailLogin -->
    </test> <!-- Default test -->
  </suite> <!-- Default suite -->
</testng-results>
